<?xml version="1.0" encoding="UTF-8"?>
<!-- Generated by org.testng.reporters.JUnitReportReporter -->
<testsuite name="testcases.NewTest" tests="4" time="68.773" ignored="0" failures="0" timestamp="14 Jun 2017 11:51:05 GMT" skipped="0" hostname="sandeeps7" errors="0">
  <testcase name="verifyMovieRating" time="18.569" classname="testcases.NewTest"/>
  <testcase name="verifyMovieReleaseYear" time="18.541" classname="testcases.NewTest"/>
  <testcase name="preRequisite" time="18.111" classname="testcases.NewTest"/>
  <testcase name="verifyMoviesCount" time="13.552" classname="testcases.NewTest"/>
</testsuite> <!-- testcases.NewTest -->
