<?xml version="1.0" encoding="UTF-8"?>
<!-- Generated by org.testng.reporters.JUnitReportReporter -->
<testsuite name="testcases.IMDBTest" tests="8" time="392.899" ignored="0" failures="0" timestamp="16 Jun 2017 10:51:34 GMT" skipped="0" hostname="sandeeps7" errors="0">
  <testcase name="verifyRankingSorting" time="28.523" classname="testcases.IMDBTest"/>
  <testcase name="verifyRatingSorting" time="31.580" classname="testcases.IMDBTest"/>
  <testcase name="verifyMoviesCount" time="16.458" classname="testcases.IMDBTest"/>
  <testcase name="verifyMovieReleaseYear" time="15.943" classname="testcases.IMDBTest"/>
  <testcase name="verifyMovieRating" time="16.995" classname="testcases.IMDBTest"/>
  <testcase name="preRequisite" time="220.092" classname="testcases.IMDBTest"/>
  <testcase name="verifyReleaseDateSorting" time="44.194" classname="testcases.IMDBTest"/>
  <testcase name="verifyDuplicateMovieData" time="19.114" classname="testcases.IMDBTest"/>
</testsuite> <!-- testcases.IMDBTest -->
